<?xml version="1.0" encoding="UTF-8"?>
<!-- Generated by org.testng.reporters.JUnitXMLReporter -->
<testsuite ignored="6" hostname="DESKTOP-60USC5F" failures="0" tests="4" name="Test" time="162.179" errors="0" timestamp="2022-04-10T17:13:37 IST">
  <testcase classname="com.crm.comcat.SDET32.Vtiger.TestNg.Assigned.Test.CreateOpportunityTest" name="createOpportunityUsingOrganisation" time="27.552"/>
  <testcase classname="com.crm.comcat.SDET32.Vtiger.TestNg.Assigned.Test.CreateOpportunitybyClickOnClear" name="CreateOpportunityUsingOrganisationAndClickOnClear" time="38.644"/>
  <testcase classname="com.crm.comcat.SDET32.Vtiger.TestNg.Assigned.Test.CreateOpportunityUsingCloseLost" name="CreateOpportunityUsingOrganisationCloseLost" time="27.242"/>
  <testcase classname="com.crm.comcat.SDET32.Vtiger.TestNg.Assigned.Test.CreateOpportunityWithoutFillingMandatoryfield" name="CreateOpportunityUsingOrganisationWithoutFillingMandatoryfield" time="26.573"/>
  <testcase classname="com.crm.comcast.SDET32.genericUtility.BaseClass" name="@BeforeSuite bsConfig" time="0.0">
    <ignored/>
  </testcase> <!-- @BeforeSuite bsConfig -->
  <testcase classname="com.crm.comcast.SDET32.genericUtility.BaseClass" name="@BeforeSuite bsConfig" time="0.0">
    <ignored/>
  </testcase> <!-- @BeforeSuite bsConfig -->
  <testcase classname="com.crm.comcast.SDET32.genericUtility.BaseClass" name="@BeforeSuite bsConfig" time="0.0">
    <ignored/>
  </testcase> <!-- @BeforeSuite bsConfig -->
  <testcase classname="com.crm.comcast.SDET32.genericUtility.BaseClass" name="@AfterSuite asConfig" time="0.0">
    <ignored/>
  </testcase> <!-- @AfterSuite asConfig -->
  <testcase classname="com.crm.comcast.SDET32.genericUtility.BaseClass" name="@AfterSuite asConfig" time="0.0">
    <ignored/>
  </testcase> <!-- @AfterSuite asConfig -->
  <testcase classname="com.crm.comcast.SDET32.genericUtility.BaseClass" name="@AfterSuite asConfig" time="0.0">
    <ignored/>
  </testcase> <!-- @AfterSuite asConfig -->
</testsuite> <!-- Test -->
