<?xml version="1.0" encoding="UTF-8"?>
<!-- Generated by org.testng.reporters.JUnitXMLReporter -->
<testsuite ignored="6" hostname="DESKTOP-60USC5F" failures="0" tests="4" name="TestRunner-1" time="311.66" errors="0" timestamp="2022-03-30T12:44:35 IST">
  <testcase classname="com.crm.comcat.SDET32.TestNg.Assigned.Test.CreateOpportunityUsingCloseLost" name="CreateOpportunityUsingOrganisationCloseLost" time="53.254"/>
  <testcase classname="com.crm.comcat.SDET32.TestNg.Assigned.Test.CreateOpportunityTest" name="createOpportunityUsingOrganisation" time="76.046"/>
  <testcase classname="com.crm.comcat.SDET32.TestNg.Assigned.Test.CreateOpportunityWithoutFillingMandatoryfield" name="CreateOpportunityUsingOrganisationWithoutFillingMandatoryfield" time="49.536"/>
  <testcase classname="com.crm.comcat.SDET32.TestNg.Assigned.Test.CreateOpportunitybyClickOnClear" name="CreateOpportunityUsingOrganisationAndClickOnClear" time="40.992"/>
  <testcase classname="com.crm.comcast.SDET32.genericUtility.BaseClass" name="@BeforeSuite bsConfig" time="0.0">
    <ignored/>
  </testcase> <!-- @BeforeSuite bsConfig -->
  <testcase classname="com.crm.comcast.SDET32.genericUtility.BaseClass" name="@BeforeSuite bsConfig" time="0.0">
    <ignored/>
  </testcase> <!-- @BeforeSuite bsConfig -->
  <testcase classname="com.crm.comcast.SDET32.genericUtility.BaseClass" name="@BeforeSuite bsConfig" time="0.0">
    <ignored/>
  </testcase> <!-- @BeforeSuite bsConfig -->
  <testcase classname="com.crm.comcast.SDET32.genericUtility.BaseClass" name="@AfterSuite asConfig" time="0.0">
    <ignored/>
  </testcase> <!-- @AfterSuite asConfig -->
  <testcase classname="com.crm.comcast.SDET32.genericUtility.BaseClass" name="@AfterSuite asConfig" time="0.0">
    <ignored/>
  </testcase> <!-- @AfterSuite asConfig -->
  <testcase classname="com.crm.comcast.SDET32.genericUtility.BaseClass" name="@AfterSuite asConfig" time="0.0">
    <ignored/>
  </testcase> <!-- @AfterSuite asConfig -->
</testsuite> <!-- TestRunner-1 -->
