<?xml version="1.0" encoding="UTF-8"?>
<!-- Generated by org.testng.reporters.JUnitXMLReporter -->
<testsuite ignored="2" hostname="DESKTOP-60USC5F" failures="0" tests="2" name="Test_Runner2" time="87.513" errors="0" timestamp="2022-03-30T11:43:22 IST">
  <testcase classname="com.crm.comcat.SDET32.TestNg.Assigned.Test.CreateOpportunityUsingCloseLost" name="CreateOpportunityUsingOrganisationCloseLost" time="36.71"/>
  <testcase classname="com.crm.comcat.SDET32.TestNg.Assigned.Test.CreateOpportunityTest" name="createOpportunityUsingOrganisation" time="25.534"/>
  <testcase classname="com.crm.comcast.SDET32.genericUtility.BaseClass" name="@BeforeSuite bsConfig" time="0.0">
    <ignored/>
  </testcase> <!-- @BeforeSuite bsConfig -->
  <testcase classname="com.crm.comcast.SDET32.genericUtility.BaseClass" name="@AfterSuite asConfig" time="0.0">
    <ignored/>
  </testcase> <!-- @AfterSuite asConfig -->
</testsuite> <!-- Test_Runner2 -->
